9/21/2012 1:12:43 AM
INFO  2012-09-20 19:12:37,476 - Installing bundle...
INFO  2012-09-20 19:12:37,476 - Performing pre-install.
INFO  2012-09-20 19:12:37,492 - Installing context item: SalesLogix Application Entities (\Entity Model\SalesLogix Application Entities\SalesLogix Application Entities.T.package.xml)
INFO  2012-09-20 19:12:37,492 - Successfully installed SalesLogix Application Entities (\Entity Model\SalesLogix Application Entities\SalesLogix Application Entities.T.package.xml)
INFO  2012-09-20 19:12:37,492 - Installing context item: Address (\Entity Model\SalesLogix Application Entities\Address\Address.ADDRESS.entity.xml)
INFO  2012-09-20 19:12:37,664 - Successfully installed Address (\Entity Model\SalesLogix Application Entities\Address\Address.ADDRESS.entity.xml)
INFO  2012-09-20 19:12:37,664 - Installing model item: OnBeforeInsert (\Entity Model\SalesLogix Application Entities\Address\OnBeforeInsert.method.xml)
INFO  2012-09-20 19:12:37,664 - Successfully installed OnBeforeInsert (\Entity Model\SalesLogix Application Entities\Address\OnBeforeInsert.method.xml)
INFO  2012-09-20 19:12:37,664 - Installing item: ValidateCountryCode (\Entity Model\SalesLogix Application Entities\Address\OnBeforeInsert.method.xml::Pre Execute Steps::ValidateCountryCode)
INFO  2012-09-20 19:12:37,664 - Successfully installed ValidateCountryCode (\Entity Model\SalesLogix Application Entities\Address\OnBeforeInsert.method.xml::Pre Execute Steps::ValidateCountryCode)
INFO  2012-09-20 19:12:37,664 - Installing item: OnBeforeInsert (\Entity Model\SalesLogix Application Entities\Address\OnBeforeInsert.method.xml::Primary Steps::OnBeforeInsert)
INFO  2012-09-20 19:12:37,680 - Successfully installed OnBeforeInsert (\Entity Model\SalesLogix Application Entities\Address\OnBeforeInsert.method.xml::Primary Steps::OnBeforeInsert)
INFO  2012-09-20 19:12:37,680 - Installing model item: OnBeforeUpdate (\Entity Model\SalesLogix Application Entities\Address\OnBeforeUpdate.method.xml)
INFO  2012-09-20 19:12:37,680 - Successfully installed OnBeforeUpdate (\Entity Model\SalesLogix Application Entities\Address\OnBeforeUpdate.method.xml)
INFO  2012-09-20 19:12:37,680 - Installing item: ValidateCountryCode (\Entity Model\SalesLogix Application Entities\Address\OnBeforeUpdate.method.xml::Pre Execute Steps::ValidateCountryCode)
INFO  2012-09-20 19:12:37,680 - Successfully installed ValidateCountryCode (\Entity Model\SalesLogix Application Entities\Address\OnBeforeUpdate.method.xml::Pre Execute Steps::ValidateCountryCode)
INFO  2012-09-20 19:12:37,680 - Installing item: OnBeforeUpdate (\Entity Model\SalesLogix Application Entities\Address\OnBeforeUpdate.method.xml::Primary Steps::OnBeforeUpdate)
INFO  2012-09-20 19:12:37,680 - Successfully installed OnBeforeUpdate (\Entity Model\SalesLogix Application Entities\Address\OnBeforeUpdate.method.xml::Primary Steps::OnBeforeUpdate)
INFO  2012-09-20 19:12:37,680 - Installing context item: Opportunity (\Entity Model\SalesLogix Application Entities\Opportunity\Opportunity.OPPORTUNITY.entity.xml)
INFO  2012-09-20 19:12:37,805 - Successfully installed Opportunity (\Entity Model\SalesLogix Application Entities\Opportunity\Opportunity.OPPORTUNITY.entity.xml)
INFO  2012-09-20 19:12:37,805 - Installing model item: OnAccountChanged (\Entity Model\SalesLogix Application Entities\Opportunity\OnAccountChanged.method.xml)
INFO  2012-09-20 19:12:37,805 - Successfully installed OnAccountChanged (\Entity Model\SalesLogix Application Entities\Opportunity\OnAccountChanged.method.xml)
INFO  2012-09-20 19:12:37,805 - Installing item: OnAccountChanged (\Entity Model\SalesLogix Application Entities\Opportunity\OnAccountChanged.method.xml::Primary Steps::OnAccountChanged)
INFO  2012-09-20 19:12:37,820 - Successfully installed OnAccountChanged (\Entity Model\SalesLogix Application Entities\Opportunity\OnAccountChanged.method.xml::Primary Steps::OnAccountChanged)
INFO  2012-09-20 19:12:37,820 - Installing model item: OpportunityProducts (\Entity Model\SalesLogix Application Entities\Opportunity\QuickForms\OpportunityProducts.main.quickform.xml)
INFO  2012-09-20 19:12:37,883 - Successfully installed OpportunityProducts (\Entity Model\SalesLogix Application Entities\Opportunity\QuickForms\OpportunityProducts.main.quickform.xml)
INFO  2012-09-20 19:12:37,883 - Installing model item: PackageKitChildView (\Entity Model\SalesLogix Application Entities\PackageKitChildView\PackageKitChildView.PACKAGEKITCHILDVIEW.entity.xml)
INFO  2012-09-20 19:12:38,117 - Successfully installed PackageKitChildView (\Entity Model\SalesLogix Application Entities\PackageKitChildView\PackageKitChildView.PACKAGEKITCHILDVIEW.entity.xml)
INFO  2012-09-20 19:12:38,117 - Installing model item: ProdPackageKitView (\Entity Model\SalesLogix Application Entities\ProdPackageKitView\ProdPackageKitView.PRODPACKAGEKITVIEW.entity.xml)
INFO  2012-09-20 19:12:38,148 - Successfully installed ProdPackageKitView (\Entity Model\SalesLogix Application Entities\ProdPackageKitView\ProdPackageKitView.PRODPACKAGEKITVIEW.entity.xml)
INFO  2012-09-20 19:12:38,148 - Installing context item: ReturnAddress (\Entity Model\SalesLogix Application Entities\ReturnAddress\ReturnAddress.RMAADDRESS.entity.xml)
INFO  2012-09-20 19:12:38,195 - Successfully installed ReturnAddress (\Entity Model\SalesLogix Application Entities\ReturnAddress\ReturnAddress.RMAADDRESS.entity.xml)
INFO  2012-09-20 19:12:38,195 - Installing model item: OnBeforeInsert (\Entity Model\SalesLogix Application Entities\ReturnAddress\OnBeforeInsert.method.xml)
INFO  2012-09-20 19:12:38,195 - Successfully installed OnBeforeInsert (\Entity Model\SalesLogix Application Entities\ReturnAddress\OnBeforeInsert.method.xml)
INFO  2012-09-20 19:12:38,195 - Installing item: ValidateCountryCode (\Entity Model\SalesLogix Application Entities\ReturnAddress\OnBeforeInsert.method.xml::Pre Execute Steps::ValidateCountryCode)
INFO  2012-09-20 19:12:38,195 - Successfully installed ValidateCountryCode (\Entity Model\SalesLogix Application Entities\ReturnAddress\OnBeforeInsert.method.xml::Pre Execute Steps::ValidateCountryCode)
INFO  2012-09-20 19:12:38,195 - Installing item: OnBeforeInsert (\Entity Model\SalesLogix Application Entities\ReturnAddress\OnBeforeInsert.method.xml::Primary Steps::OnBeforeInsert)
INFO  2012-09-20 19:12:38,211 - Successfully installed OnBeforeInsert (\Entity Model\SalesLogix Application Entities\ReturnAddress\OnBeforeInsert.method.xml::Primary Steps::OnBeforeInsert)
INFO  2012-09-20 19:12:38,211 - Installing model item: OnBeforeUpdate (\Entity Model\SalesLogix Application Entities\ReturnAddress\OnBeforeUpdate.method.xml)
INFO  2012-09-20 19:12:38,211 - Successfully installed OnBeforeUpdate (\Entity Model\SalesLogix Application Entities\ReturnAddress\OnBeforeUpdate.method.xml)
INFO  2012-09-20 19:12:38,211 - Installing item: ValidateCountryCode (\Entity Model\SalesLogix Application Entities\ReturnAddress\OnBeforeUpdate.method.xml::Pre Execute Steps::ValidateCountryCode)
INFO  2012-09-20 19:12:38,211 - Successfully installed ValidateCountryCode (\Entity Model\SalesLogix Application Entities\ReturnAddress\OnBeforeUpdate.method.xml::Pre Execute Steps::ValidateCountryCode)
INFO  2012-09-20 19:12:38,211 - Installing item: OnBeforeUpdate (\Entity Model\SalesLogix Application Entities\ReturnAddress\OnBeforeUpdate.method.xml::Primary Steps::OnBeforeUpdate)
INFO  2012-09-20 19:12:38,211 - Successfully installed OnBeforeUpdate (\Entity Model\SalesLogix Application Entities\ReturnAddress\OnBeforeUpdate.method.xml::Primary Steps::OnBeforeUpdate)
INFO  2012-09-20 19:12:38,226 - Installing context item: SalesOrderAddress (\Entity Model\SalesLogix Application Entities\SalesOrderAddress\SalesOrderAddress.SALESORDERADDRESS.entity.xml)
INFO  2012-09-20 19:12:38,242 - Successfully installed SalesOrderAddress (\Entity Model\SalesLogix Application Entities\SalesOrderAddress\SalesOrderAddress.SALESORDERADDRESS.entity.xml)
INFO  2012-09-20 19:12:38,242 - Installing context item: OnBeforeInsert (\Entity Model\SalesLogix Application Entities\SalesOrderAddress\OnBeforeInsert.method.xml)
INFO  2012-09-20 19:12:39,445 - Successfully installed OnBeforeInsert (\Entity Model\SalesLogix Application Entities\SalesOrderAddress\OnBeforeInsert.method.xml)
INFO  2012-09-20 19:12:39,445 - Installing item: ValidateCountryCode (\Entity Model\SalesLogix Application Entities\SalesOrderAddress\OnBeforeInsert.method.xml::Pre Execute Steps::ValidateCountryCode)
INFO  2012-09-20 19:12:39,445 - Successfully installed ValidateCountryCode (\Entity Model\SalesLogix Application Entities\SalesOrderAddress\OnBeforeInsert.method.xml::Pre Execute Steps::ValidateCountryCode)
INFO  2012-09-20 19:12:39,445 - Installing model item: OnBeforeUpdate (\Entity Model\SalesLogix Application Entities\SalesOrderAddress\OnBeforeUpdate.method.xml)
INFO  2012-09-20 19:12:39,445 - Successfully installed OnBeforeUpdate (\Entity Model\SalesLogix Application Entities\SalesOrderAddress\OnBeforeUpdate.method.xml)
INFO  2012-09-20 19:12:39,461 - Installing item: ValidateCountryCode (\Entity Model\SalesLogix Application Entities\SalesOrderAddress\OnBeforeUpdate.method.xml::Pre Execute Steps::ValidateCountryCode)
INFO  2012-09-20 19:12:39,461 - Successfully installed ValidateCountryCode (\Entity Model\SalesLogix Application Entities\SalesOrderAddress\OnBeforeUpdate.method.xml::Pre Execute Steps::ValidateCountryCode)
INFO  2012-09-20 19:12:39,461 - Installing item: OnBeforeUpdate (\Entity Model\SalesLogix Application Entities\SalesOrderAddress\OnBeforeUpdate.method.xml::Primary Steps::OnBeforeUpdate)
INFO  2012-09-20 19:12:39,461 - Successfully installed OnBeforeUpdate (\Entity Model\SalesLogix Application Entities\SalesOrderAddress\OnBeforeUpdate.method.xml::Primary Steps::OnBeforeUpdate)
INFO  2012-09-20 19:12:39,461 - Installing context item: SalesOrderItem (\Entity Model\SalesLogix Application Entities\SalesOrderItem\SalesOrderItem.SALESORDERITEMS.entity.xml)
INFO  2012-09-20 19:12:39,523 - Successfully installed SalesOrderItem (\Entity Model\SalesLogix Application Entities\SalesOrderItem\SalesOrderItem.SALESORDERITEMS.entity.xml)
INFO  2012-09-20 19:12:39,523 - Installing model item: ICEditSalesOrderItem (\Entity Model\SalesLogix Application Entities\SalesOrderItem\QuickForms\ICEditSalesOrderItem.main.quickform.xml)
INFO  2012-09-20 19:12:39,523 - Successfully installed ICEditSalesOrderItem (\Entity Model\SalesLogix Application Entities\SalesOrderItem\QuickForms\ICEditSalesOrderItem.main.quickform.xml)
INFO  2012-09-20 19:12:39,539 - Installing context item: SalesOrder (\Entity Model\SalesLogix Application Entities\SalesOrder\SalesOrder.SALESORDER.entity.xml)
INFO  2012-09-20 19:12:39,601 - Successfully installed SalesOrder (\Entity Model\SalesLogix Application Entities\SalesOrder\SalesOrder.SALESORDER.entity.xml)
INFO  2012-09-20 19:12:39,601 - Installing model item: SalesOrderDetails (\Entity Model\SalesLogix Application Entities\SalesOrder\QuickForms\SalesOrderDetails.main.quickform.xml)
INFO  2012-09-20 19:12:39,601 - Successfully installed SalesOrderDetails (\Entity Model\SalesLogix Application Entities\SalesOrder\QuickForms\SalesOrderDetails.main.quickform.xml)
INFO  2012-09-20 19:12:39,617 - Installing model item: SalesOrderProducts (\Entity Model\SalesLogix Application Entities\SalesOrder\QuickForms\SalesOrderProducts.main.quickform.xml)
INFO  2012-09-20 19:12:39,617 - Successfully installed SalesOrderProducts (\Entity Model\SalesLogix Application Entities\SalesOrder\QuickForms\SalesOrderProducts.main.quickform.xml)
INFO  2012-09-20 19:12:39,617 - Installing context item: Account (\Entity Model\SalesLogix Application Entities\Account\Account.ACCOUNT.entity.xml)
INFO  2012-09-20 19:12:39,742 - Successfully installed Account (\Entity Model\SalesLogix Application Entities\Account\Account.ACCOUNT.entity.xml)
INFO  2012-09-20 19:12:39,742 - Installing model item: ICAccounting (\Entity Model\SalesLogix Application Entities\Account\QuickForms\ICAccounting.main.quickform.xml)
INFO  2012-09-20 19:12:39,742 - Successfully installed ICAccounting (\Entity Model\SalesLogix Application Entities\Account\QuickForms\ICAccounting.main.quickform.xml)
INFO  2012-09-20 19:12:39,742 - Installing context item: SalesLogix Contract Sync Entities (\Entity Model\SalesLogix Contract Sync Entities\SalesLogix Contract Sync Entities.T.package.xml)
INFO  2012-09-20 19:12:39,758 - Successfully installed SalesLogix Contract Sync Entities (\Entity Model\SalesLogix Contract Sync Entities\SalesLogix Contract Sync Entities.T.package.xml)
INFO  2012-09-20 19:12:39,758 - Installing context item: AppIdMapping (\Entity Model\SalesLogix Contract Sync Entities\AppIdMapping\AppIdMapping.APPIDMAPPING.entity.xml)
INFO  2012-09-20 19:12:39,789 - Successfully installed AppIdMapping (\Entity Model\SalesLogix Contract Sync Entities\AppIdMapping\AppIdMapping.APPIDMAPPING.entity.xml)
INFO  2012-09-20 19:12:39,789 - Installing model item: ValidateEndPoint (\Entity Model\SalesLogix Contract Sync Entities\AppIdMapping\ValidateEndPoint.method.xml)
INFO  2012-09-20 19:12:39,805 - Successfully installed ValidateEndPoint (\Entity Model\SalesLogix Contract Sync Entities\AppIdMapping\ValidateEndPoint.method.xml)
INFO  2012-09-20 19:12:39,805 - Installing item: ValidateEndPoint (\Entity Model\SalesLogix Contract Sync Entities\AppIdMapping\ValidateEndPoint.method.xml::Primary Steps::ValidateEndPoint)
INFO  2012-09-20 19:12:39,805 - Successfully installed ValidateEndPoint (\Entity Model\SalesLogix Contract Sync Entities\AppIdMapping\ValidateEndPoint.method.xml::Primary Steps::ValidateEndPoint)
INFO  2012-09-20 19:12:39,805 - Installing model item: AccountingSystems (\Entity Model\SalesLogix Contract Sync Entities\AppIdMapping\QuickForms\AccountingSystems.main.quickform.xml)
INFO  2012-09-20 19:12:39,805 - Successfully installed AccountingSystems (\Entity Model\SalesLogix Contract Sync Entities\AppIdMapping\QuickForms\AccountingSystems.main.quickform.xml)
INFO  2012-09-20 19:12:39,820 - Installing model item: AddEditAccountingSystem (\Entity Model\SalesLogix Contract Sync Entities\AppIdMapping\QuickForms\AddEditAccountingSystem.main.quickform.xml)
INFO  2012-09-20 19:12:39,820 - Successfully installed AddEditAccountingSystem (\Entity Model\SalesLogix Contract Sync Entities\AppIdMapping\QuickForms\AddEditAccountingSystem.main.quickform.xml)
INFO  2012-09-20 19:12:39,820 - Installing model item: SlxEndPointDetails (\Entity Model\SalesLogix Contract Sync Entities\AppIdMapping\QuickForms\SlxEndPointDetails.main.quickform.xml)
INFO  2012-09-20 19:12:39,836 - Successfully installed SlxEndPointDetails (\Entity Model\SalesLogix Contract Sync Entities\AppIdMapping\QuickForms\SlxEndPointDetails.main.quickform.xml)
INFO  2012-09-20 19:12:39,836 - Installing context item: Web Reporting Portal (\Portal\slxwebrpt\slxwebrpt.portal.xml)
INFO  2012-09-20 19:12:39,945 - Successfully installed Web Reporting Portal (\Portal\slxwebrpt\slxwebrpt.portal.xml)
INFO  2012-09-20 19:12:39,945 - Installing context item: SalesLogix Lead Capture (\Portal\SlxLeadCapture\SlxLeadCapture.portal.xml)
INFO  2012-09-20 19:12:40,148 - Successfully installed SalesLogix Lead Capture (\Portal\SlxLeadCapture\SlxLeadCapture.portal.xml)
INFO  2012-09-20 19:12:40,148 - Installing context item: Intellisync For SalesLogix (\Portal\SlxIntellisync\SlxIntellisync.portal.xml)
INFO  2012-09-20 19:12:40,258 - Successfully installed Intellisync For SalesLogix (\Portal\SlxIntellisync\SlxIntellisync.portal.xml)
INFO  2012-09-20 19:12:40,273 - Installing context item: Sage SalesLogix Customer Portal (\Portal\SLXCustomerPortal\SLXCustomerPortal.portal.xml)
INFO  2012-09-20 19:12:40,586 - Successfully installed Sage SalesLogix Customer Portal (\Portal\SLXCustomerPortal\SLXCustomerPortal.portal.xml)
INFO  2012-09-20 19:12:40,586 - Installing context item: Sage SalesLogix (\Portal\SlxClient\SlxClient.portal.xml)
INFO  2012-09-20 19:12:41,039 - Successfully installed Sage SalesLogix (\Portal\SlxClient\SlxClient.portal.xml)
INFO  2012-09-20 19:12:41,039 - Installing model item: Integration Set Up (\Portal\SlxClient\ChildPages\IntegrationSetup\IntegrationSetup.page.xml)
INFO  2012-09-20 19:12:41,164 - Successfully installed Integration Set Up (\Portal\SlxClient\ChildPages\IntegrationSetup\IntegrationSetup.page.xml)
INFO  2012-09-20 19:12:41,164 - Installing model item: AddEditAccountingSystem (\Portal\SlxClient\ChildPages\IntegrationSetup\SmartParts\AddEditAccountingSystem.smartpart.xml)
INFO  2012-09-20 19:12:41,164 - Successfully installed AddEditAccountingSystem (\Portal\SlxClient\ChildPages\IntegrationSetup\SmartParts\AddEditAccountingSystem.smartpart.xml)
INFO  2012-09-20 19:12:41,164 - Installing context item: SData Integration Host (\Portal\sdata\sdata.portal.xml)
INFO  2012-09-20 19:12:41,320 - Successfully installed SData Integration Host (\Portal\sdata\sdata.portal.xml)
INFO  2012-09-20 19:12:41,336 - Installing context item: Process Host Portal (\Portal\ProcessHost\ProcessHost.portal.xml)
INFO  2012-09-20 19:12:41,461 - Successfully installed Process Host Portal (\Portal\ProcessHost\ProcessHost.portal.xml)
INFO  2012-09-20 19:12:41,461 - Installing item: QFSDataGrid (Control Rendering Template) (\QuickForms\Web\QFSDataGrid.WebControlRenderingTemplate.vm)
INFO  2012-09-20 19:12:41,476 - Successfully installed QFSDataGrid (Control Rendering Template) (\QuickForms\Web\QFSDataGrid.WebControlRenderingTemplate.vm)
INFO  2012-09-20 19:12:41,476 - Installing item: QFSDataGrid (Script Rendering Template) (\QuickForms\Web\QFSDataGrid.WebControlScriptRenderingTemplate.vm)
INFO  2012-09-20 19:12:41,476 - Successfully installed QFSDataGrid (Script Rendering Template) (\QuickForms\Web\QFSDataGrid.WebControlScriptRenderingTemplate.vm)
INFO  2012-09-20 19:12:41,476 - Installing item: QFSLXSDataLookup (Script Rendering Template) (\QuickForms\Web\QFSLXSDataLookup.WebControlScriptRenderingTemplate.vm)
INFO  2012-09-20 19:12:41,523 - Successfully installed QFSLXSDataLookup (Script Rendering Template) (\QuickForms\Web\QFSLXSDataLookup.WebControlScriptRenderingTemplate.vm)
INFO  2012-09-20 19:12:41,539 - Configuring installed items.
INFO  2012-09-20 19:12:41,539 - Configuring Web Reporting Portal...
INFO  2012-09-20 19:12:41,539 - Configuring SalesLogix Lead Capture...
INFO  2012-09-20 19:12:41,539 - Configuring Intellisync For SalesLogix...
INFO  2012-09-20 19:12:41,555 - Configuring Sage SalesLogix Customer Portal...
INFO  2012-09-20 19:12:41,555 - Configuring Sage SalesLogix...
INFO  2012-09-20 19:12:41,555 - Configuring Integration Set Up...
INFO  2012-09-20 19:12:41,805 - Configuring AddEditAccountingSystem...
INFO  2012-09-20 19:12:41,805 - Configuring SData Integration Host...
INFO  2012-09-20 19:12:41,805 - Configuring Process Host Portal...
INFO  2012-09-20 19:12:41,805 - Performing pre-commit to target project.
INFO  2012-09-20 19:12:41,820 - Committing items to target project...
INFO  2012-09-20 19:12:42,867 - Committing transactions...
INFO  2012-09-20 19:12:43,008 - Copying bundle manifest to project.
INFO  2012-09-20 19:12:43,055 - Install complete.
